<?xml version="1.0" encoding="UTF-8"?>
<testng-results ignored="0" total="1" passed="1" failed="0" skipped="0">
  <reporter-output>
  </reporter-output>
  <suite started-at="2024-07-02T16:57:09 IST" name="Surefire suite" finished-at="2024-07-02T16:57:19 IST" duration-ms="9808">
    <groups>
      <group name="cucumber">
        <method signature="AbstractTestNGCucumberTests.runScenario(io.cucumber.testng.PickleWrapper,io.cucumber.testng.FeatureWrapper)[pri:0, instance:runner_heroku.reunner_herokku@48fa0f47]" name="runScenario" class="io.cucumber.testng.AbstractTestNGCucumberTests"/>
      </group> <!-- cucumber -->
    </groups>
    <test started-at="2024-07-02T16:57:09 IST" name="Surefire test" finished-at="2024-07-02T16:57:19 IST" duration-ms="9808">
      <class name="runner_heroku.reunner_herokku">
        <test-method is-config="true" signature="setUpClass(org.testng.ITestContext)[pri:0, instance:runner_heroku.reunner_herokku@48fa0f47]" started-at="2024-07-02T16:57:09 IST" name="setUpClass" finished-at="2024-07-02T16:57:10 IST" duration-ms="521" status="PASS">
          <params>
            <param index="0">
              <value>
                <![CDATA[org.testng.TestRunner@6ac4944a]]>
              </value>
            </param>
          </params>
          <reporter-output>
          </reporter-output>
        </test-method> <!-- setUpClass -->
        <test-method signature="runScenario(io.cucumber.testng.PickleWrapper,io.cucumber.testng.FeatureWrapper)[pri:0, instance:runner_heroku.reunner_herokku@48fa0f47]" started-at="2024-07-02T16:57:10 IST" name="runScenario" description="Runs Cucumber Scenarios" data-provider="scenarios" finished-at="2024-07-02T16:57:19 IST" duration-ms="9165" status="PASS">
          <params>
            <param index="0">
              <value>
                <![CDATA["login testing"]]>
              </value>
            </param>
            <param index="1">
              <value>
                <![CDATA["login page"]]>
              </value>
            </param>
          </params>
          <reporter-output>
          </reporter-output>
        </test-method> <!-- runScenario -->
        <test-method is-config="true" signature="tearDownClass()[pri:0, instance:runner_heroku.reunner_herokku@48fa0f47]" started-at="2024-07-02T16:57:19 IST" name="tearDownClass" finished-at="2024-07-02T16:57:19 IST" duration-ms="5" status="PASS">
          <reporter-output>
          </reporter-output>
        </test-method> <!-- tearDownClass -->
      </class> <!-- runner_heroku.reunner_herokku -->
    </test> <!-- Surefire test -->
  </suite> <!-- Surefire suite -->
</testng-results>
