<?xml version="1.0" encoding="UTF-8"?>
<testng-results ignored="0" total="1" passed="1" failed="0" skipped="0">
  <reporter-output>
  </reporter-output>
  <suite started-at="2024-07-02T13:12:01 IST" name="Default suite" finished-at="2024-07-02T13:12:12 IST" duration-ms="11313">
    <groups>
      <group name="cucumber">
        <method signature="AbstractTestNGCucumberTests.runScenario(io.cucumber.testng.PickleWrapper,io.cucumber.testng.FeatureWrapper)[pri:0, instance:runner_heroku.reunner_herokku@48075da3]" name="runScenario" class="io.cucumber.testng.AbstractTestNGCucumberTests"/>
      </group> <!-- cucumber -->
    </groups>
    <test started-at="2024-07-02T13:12:01 IST" name="Default test" finished-at="2024-07-02T13:12:12 IST" duration-ms="11313">
      <class name="runner_heroku.reunner_herokku">
        <test-method is-config="true" signature="setUpClass(org.testng.ITestContext)[pri:0, instance:runner_heroku.reunner_herokku@48075da3]" started-at="2024-07-02T13:12:01 IST" name="setUpClass" finished-at="2024-07-02T13:12:02 IST" duration-ms="1066" status="PASS">
          <params>
            <param index="0">
              <value>
                <![CDATA[org.testng.TestRunner@6daf2337]]>
              </value>
            </param>
          </params>
          <reporter-output>
          </reporter-output>
        </test-method> <!-- setUpClass -->
        <test-method signature="runScenario(io.cucumber.testng.PickleWrapper,io.cucumber.testng.FeatureWrapper)[pri:0, instance:runner_heroku.reunner_herokku@48075da3]" started-at="2024-07-02T13:12:02 IST" name="runScenario" description="Runs Cucumber Scenarios" data-provider="scenarios" finished-at="2024-07-02T13:12:12 IST" duration-ms="10036" status="PASS">
          <params>
            <param index="0">
              <value>
                <![CDATA["login testing"]]>
              </value>
            </param>
            <param index="1">
              <value>
                <![CDATA["login page"]]>
              </value>
            </param>
          </params>
          <reporter-output>
          </reporter-output>
        </test-method> <!-- runScenario -->
        <test-method is-config="true" signature="tearDownClass()[pri:0, instance:runner_heroku.reunner_herokku@48075da3]" started-at="2024-07-02T13:12:12 IST" name="tearDownClass" finished-at="2024-07-02T13:12:12 IST" duration-ms="7" status="PASS">
          <reporter-output>
          </reporter-output>
        </test-method> <!-- tearDownClass -->
      </class> <!-- runner_heroku.reunner_herokku -->
    </test> <!-- Default test -->
  </suite> <!-- Default suite -->
</testng-results>
